-------------------------------------------------------------------------------
Test set: com.boburmurtozaev.classroster.dao.ClassRosterDaoFileImplTest
-------------------------------------------------------------------------------
Tests run: 3, Failures: 1, Errors: 0, Skipped: 0, Time elapsed: 0.112 sec <<< FAILURE! - in com.boburmurtozaev.classroster.dao.ClassRosterDaoFileImplTest
testAddgetAllStudents  Time elapsed: 0.096 sec  <<< FAILURE!
org.opentest4j.AssertionFailedError: List of students should have 2 students. ==> expected: <2> but was: <1>
	at com.boburmurtozaev.classroster.dao.ClassRosterDaoFileImplTest.testAddgetAllStudents(ClassRosterDaoFileImplTest.java:99)

